Performing C SOURCE FILE Test CMAKE_HAVE_LIBC_PTHREAD failed with the following output:
Change Dir: /home/davi/Downloads/pds2/cmake-build-debug/CMakeFiles/CMakeTmp

Run Build Command(s):/app/extra/clion/bin/ninja/linux/ninja cmTC_3426b && [1/2] Building C object CMakeFiles/cmTC_3426b.dir/src.c.o
[2/2] Linking C executable cmTC_3426b
FAILED: cmTC_3426b 
: && /usr/bin/cc   CMakeFiles/cmTC_3426b.dir/src.c.o -o cmTC_3426b   && :
/usr/lib/gcc/x86_64-unknown-linux-gnu/11.3.0/../../../../x86_64-unknown-linux-gnu/bin/ld: CMakeFiles/cmTC_3426b.dir/src.c.o: in function `main':
src.c:(.text+0x3e): undefined reference to `pthread_create'
/usr/lib/gcc/x86_64-unknown-linux-gnu/11.3.0/../../../../x86_64-unknown-linux-gnu/bin/ld: src.c:(.text+0x4a): undefined reference to `pthread_detach'
/usr/lib/gcc/x86_64-unknown-linux-gnu/11.3.0/../../../../x86_64-unknown-linux-gnu/bin/ld: src.c:(.text+0x56): undefined reference to `pthread_cancel'
/usr/lib/gcc/x86_64-unknown-linux-gnu/11.3.0/../../../../x86_64-unknown-linux-gnu/bin/ld: src.c:(.text+0x67): undefined reference to `pthread_join'
collect2: error: ld returned 1 exit status
ninja: build stopped: subcommand failed.


Source file was:
#include <pthread.h>

static void* test_func(void* data)
{
  return data;
}

int main(void)
{
  pthread_t thread;
  pthread_create(&thread, NULL, test_func, NULL);
  pthread_detach(thread);
  pthread_cancel(thread);
  pthread_join(thread, NULL);
  pthread_atfork(NULL, NULL, NULL);
  pthread_exit(NULL);

  return 0;
}

Determining if the function pthread_create exists in the pthreads failed with the following output:
Change Dir: /home/davi/Downloads/pds2/cmake-build-debug/CMakeFiles/CMakeTmp

Run Build Command(s):/app/extra/clion/bin/ninja/linux/ninja cmTC_a77b9 && [1/2] Building C object CMakeFiles/cmTC_a77b9.dir/CheckFunctionExists.c.o
[2/2] Linking C executable cmTC_a77b9
FAILED: cmTC_a77b9 
: && /usr/bin/cc -DCHECK_FUNCTION_EXISTS=pthread_create  CMakeFiles/cmTC_a77b9.dir/CheckFunctionExists.c.o -o cmTC_a77b9  -lpthreads && :
/usr/lib/gcc/x86_64-unknown-linux-gnu/11.3.0/../../../../x86_64-unknown-linux-gnu/bin/ld: cannot find -lpthreads
collect2: error: ld returned 1 exit status
ninja: build stopped: subcommand failed.



